C51 COMPILER V9.59.0.0   MAIN                                                              01/21/2022 11:29:23 PAGE 1   


C51 COMPILER V9.59.0.0, COMPILATION OF MODULE MAIN
OBJECT MODULE PLACED IN .\Objects\main.obj
COMPILER INVOKED BY: E:\Keil_5_install_here\C51\BIN\C51.EXE main.c COMPACT ROM(COMPACT) OPTIMIZE(8,SPEED) BROWSE DEBUG O
                    -BJECTEXTEND PRINT(.\Listings\main.lst) TABS(2) OBJECT(.\Objects\main.obj)

line level    source

   1          #include <reg52.h>
   2          #include <absacc.h>
   3          #include "IOport.h"
   4          #include "time.h"
   5          #include "move.h"
   6          //#include "support.h"
   7          #include "lcd.c"
   8          
   9          xdata unsigned char CAddr _at_ 0x7c03;   // 控制字地址
  10          
  11          #define unsigned char uchar;//自定义变量类型
  12          #define unsigned int uint; 
*** WARNING C317 IN LINE 12 OF main.c: attempt to redefine macro 'unsigned'
  13          #define pai 3.1415926
  14          
  15            
  16            
  17          #define mode 0x81;
  18          
  19          //  int R;      //半径
  20          //  double x_st;  //x起始坐标
  21          //  double y_st;  //y起始坐标
  22          //  double x_end; //x终点坐标
  23          //  double y_end; //y终点坐标
  24          //  double coor = 0;  //坐标赋值变量
  25            unsigned char dir = '+';    //正负号标志
  26            unsigned char model;  //画圆还是画直线标志
  27            unsigned char sym = 's';  //输入终点坐标还是起点坐标标志位
  28          
  29          //int x,y;
  30            int keynum;
  31            
  32            int flag=0; //程序当前位置标志flag，0：主菜单。1，2，3，4：项目1~4
  33            int flag0=0;//存放上一次改变前的flag值
  34            int confirm_sign=0;//f键确定，确认键状态标志，confirm_sign=n 表示已经确认了n次
  35            int retreat_sign=0;//b键后退，后退键状态标志，
  36            int menuCiShu=80000;
  37            int noTuiChu=1;
  38          
  39          //  int indexX1=0,indexX2=0,indexX3=0,indexY1=0,indexY2=0,indexY3=0;//全局变量存放XY坐标值
  40          //  int indexR1=0,indexR2=0,indexR3=0;
  41            int index=0;
  42            int indexA1=0,indexA2=0,indexA3=0,indexW1=0,indexW2=0,indexW3=0;
  43            
  44            
  45            unsigned int SDspeed=6;
  46            
  47            
  48          
  49          void Moshi_1 (void)//moshi1，手动
  50          {
  51   1          Display_1(SDspeed,index);
  52   1          delayms(100);
  53   1          while(noTuiChu)
C51 COMPILER V9.59.0.0   MAIN                                                              01/21/2022 11:29:23 PAGE 2   

  54   1          {
  55   2            shoudong();
*** WARNING C206 IN LINE 55 OF main.c: 'shoudong': missing function-prototype
  56   2          }
  57   1          show_menu();delayms(1000);noTuiChu=1;
  58   1      }
  59          
  60          
  61          
  62          void Moshi_3 (void)//moshi3，画sin
  63          {
  64   1          Display_3(indexA1,indexA2,indexA3,indexW1,indexW2,indexW3);
  65   1          delayms(100);
  66   1          while(1)
  67   1          {
  68   2            if(TestKey())
*** WARNING C206 IN LINE 68 OF main.c: 'TestKey': missing function-prototype
  69   2            {
  70   3              keynum=keyscan() & 0x0f;
*** WARNING C206 IN LINE 70 OF main.c: 'keyscan': missing function-prototype
  71   3                if((keynum>=0&&keynum<=9)||keynum==0x0b)
  72   3                {
  73   4                  switch (confirm_sign)
  74   4                  {
  75   5                    case 0:{ indexA1=keynum;confirm_sign=1;Display_3(indexA1,indexA2,indexA3,indexW1,indexW2,indexW3);b
             -reak;}
  76   5                    case 1:{ indexA2=keynum;confirm_sign=2;Display_3(indexA1,indexA2,indexA3,indexW1,indexW2,indexW3);b
             -reak;}
  77   5                    case 2:{ indexA3=keynum;confirm_sign=3;Display_3(indexA1,indexA2,indexA3,indexW1,indexW2,indexW3);b
             -reak;}
  78   5                    case 3:{ indexW1=keynum;confirm_sign=4;Display_3(indexA1,indexA2,indexA3,indexW1,indexW2,indexW3);b
             -reak;}
  79   5                    case 4:{ indexW2=keynum;confirm_sign=5;Display_3(indexA1,indexA2,indexA3,indexW1,indexW2,indexW3);b
             -reak;}
  80   5                    case 5:
  81   5                          { 
  82   6                            indexW3=keynum;Display_3(indexA1,indexA2,indexA3,indexW1,indexW2,indexW3);
  83   6                            confirm_sign=6;                 
  84   6                            draw_sin((indexA1*1+indexA2*0.1+indexA3*0.01),(indexW1*1+indexW2*0.1+indexW3*0.01),0,SDspeed);  
             -                  
  85   6                            break;
  86   6                          }
  87   5                    case 6: { if(keynum==0x0b){retreat_sign=1;confirm_sign=7;}break;}   
  88   5                  }           
  89   4                }
  90   3            }
  91   2            if(retreat_sign==1) {retreat_sign=0;show_menu();delayms(500);break;}
  92   2          }
  93   1          indexA1=0,indexA2=0,indexA3=0,indexW1=0,indexW2=0,indexW3=0;
  94   1          confirm_sign=0;
  95   1      }
  96          
  97          //void Moshi_4 (void)//moshi4，画圆
  98          //{
  99          //    Display_4(indexR1,indexR2,indexR3);
 100          //    delayms(100);
 101          //    while(1)
 102          //    {
 103          //      if(TestKey())
 104          //      {
 105          //        keynum=keyscan() & 0x0f;  
 106          //        if(keynum>=0 && keynum<=9)//按下的是0~9时，更新indexY的值
C51 COMPILER V9.59.0.0   MAIN                                                              01/21/2022 11:29:23 PAGE 3   

 107          //        {
 108          //          switch (confirm_sign)
 109          //          {
 110          //            case 0:{ indexR1=keynum;confirm_sign=1;Display_4(indexR1,indexR2,indexR3);break;}
 111          //            case 1:{ indexR2=keynum;confirm_sign=2;Display_4(indexR1,indexR2,indexR3);break;}
 112          //            case 2:{ indexR3=keynum;confirm_sign=3;Display_4(indexR1,indexR2,indexR3);break;}
 113          //          }
 114          //        }
 115          //        if (keyscan()==0x0b) {show_menu();delayms(500);break;}//退出模式2       
 116          //      }
 117          //      if(confirm_sign==3) 
 118          //      {
 119          //        confirm_sign=0;
 120          //        circle.radius=indexR1*1+indexR2*0.1+indexR3*0.01;
 121          //        circle.x_s=circle.radius;
 122          //        circle.x_end=circle.radius;
 123          //        draw_circle_AW(circle, CIRCLEspeed);
 124          //        break;
 125          //      }
 126          //    }
 127          //  indexR1=0;indexR2=0;indexR3=0;//参数清零
 128          //  confirm_sign=0;
 129          //  retreat_sign=0;
 130          //}
 131          
 132          
 133          void main()
 134          {
 135   1        CAddr= mode;
 136   1      //  Cdt_test.x_s=0;
 137   1      //  Cdt_test.y_s=0;
 138   1      //  Cdt_test.x_end= 2;
 139   1      //  Cdt_test.y_end= 4;
 140   1        
 141   1      
 142   1      //  circle.x_center=0;
 143   1      //  circle.y_center=0;
 144   1      //  circle.radius=Radius;
 145   1      //  circle.x_s=circle.radius;
 146   1      //  circle.y_s=0;
 147   1      //  circle.x_end=circle.radius;
 148   1      //  circle.y_end=0;
 149   1      
 150   1        //draw_line(Cdt_test, 10);
 151   1        //draw_circle_AW(circle, CIRCLEspeed);
 152   1      
 153   1      //  xs=0;
 154   1      //  ys=0;
 155   1      //  xend=3;
 156   1      //  yend=6;
 157   1      
 158   1      
 159   1        
 160   1        //show_author();
 161   1        show_CUGlogo();
 162   1        delayms(1000);
 163   1        show_menu();  
 164   1        delayms(1000);
 165   1        
 166   1      //  circle.radius=0.5;
 167   1      //  circle.x_s=circle.radius;
 168   1      //  circle.x_end=circle.radius;
C51 COMPILER V9.59.0.0   MAIN                                                              01/21/2022 11:29:23 PAGE 4   

 169   1      //  draw_circle_AW(circle, CIRCLEspeed);
 170   1      
 171   1      //  oval.a=4;
 172   1      //  oval.b=3;
 173   1      //  oval.x_s=oval.a;
 174   1      //  oval.y_s=0;
 175   1      //  oval.x_end=oval.a;
 176   1      //  oval.y_end=0;
 177   1      //  oval.x_center=0;
 178   1      //  oval.y_center=0;
 179   1        
 180   1        //darw_oval(oval,20);
 181   1        
 182   1        while(1)
 183   1        {
 184   2          menuCiShu--;
 185   2          if(menuCiShu<0)
 186   2          {
 187   3            menuCiShu=80000;
 188   3            show_menu();
 189   3            delayms(10);
 190   3          }
 191   2          if(TestKey()==0)//没键按下
 192   2          {
 193   3            keynum=100;
 194   3          }
 195   2          else//有键按下
 196   2          {
 197   3            keynum=keyscan() & 0x0f;  
 198   3            switch (keynum)  //keynum就等于按键的数值
 199   3               {    
 200   4                     case 0x0f:  {Moshi_1();break;} //模式一：手动移位
 201   4                     case 0x0e:  {break;} //模式二：画直线  
 202   4                     case 0x0d:  {Moshi_3();break;} //模式三：画椭圆
 203   4                     case 0x0c:  {break;} //模式四：画任意圆弧
 204   4                     //case 0x0b:  {Moshi_5();break;} //模式五：画sin
 205   4               }        
 206   3          }
 207   2        }
 208   1      
 209   1      }


MODULE INFORMATION:   STATIC OVERLAYABLE
   CODE SIZE        =   2260    ----
   CONSTANT SIZE    =   2136    ----
   XDATA SIZE       =   ----    ----
   PDATA SIZE       =     39      16
   DATA SIZE        =   ----    ----
   IDATA SIZE       =   ----    ----
   BIT SIZE         =   ----    ----
END OF MODULE INFORMATION.


C51 COMPILATION COMPLETE.  4 WARNING(S),  0 ERROR(S)
