C51 COMPILER V9.57.0.0   8255                                                              07/14/2021 19:26:08 PAGE 1   


C51 COMPILER V9.57.0.0, COMPILATION OF MODULE 8255
OBJECT MODULE PLACED IN .\Objects\8255.obj
COMPILER INVOKED BY: D:\Keil_v5\C51\BIN\C51.EXE 8255.c OPTIMIZE(8,SPEED) BROWSE DEBUG OBJECTEXTEND PRINT(.\Listings\8255
                    -.lst) TABS(2) OBJECT(.\Objects\8255.obj)

line level    source

   1          #include <reg51.h>
   2          #include"YALI.h"
   3          #include"temp.h"
   4          #include"BEEP.h"
   5          #include"motor.h"
   6          #include"KEYLED.h"
   7          #include"8255.h"
   8          
   9          xdata unsigned char PortA _at_ 0x8000 ; // Port A
  10          xdata unsigned char PortB _at_ 0x8001 ; // Port B
  11          xdata unsigned char PortC _at_ 0x8002 ; // Port C
  12          xdata unsigned char CAddr _at_ 0x8003 ; // 控制字地址
  13          
  14          //void main()
  15          //{
  16          //  register unsigned char i, dd;
  17          
  18          //  CAddr = mode;     // 方式0, PA,PC输出, PB输入
  19          //  while(1){
  20          //    dd = 0x80;
  21          //    for(i = 0; i<8; i++)
  22          //    {
  23          //      PortA = dd;   // 输出到PA
  24          //      dd >>= 1;     // 移位
  25          //      delay(1);     // 延时
  26          //    };
  27          
  28          //    dd = PortB;     // PB输入
  29          //    PortA = dd;     // 再输出到PA
  30          //    delay(2);
  31          //  }
  32          //}


MODULE INFORMATION:   STATIC OVERLAYABLE
   CODE SIZE        =   ----    ----
   CONSTANT SIZE    =   ----    ----
   XDATA SIZE       =   ----    ----
   PDATA SIZE       =   ----    ----
   DATA SIZE        =   ----    ----
   IDATA SIZE       =   ----    ----
   BIT SIZE         =   ----    ----
END OF MODULE INFORMATION.


C51 COMPILATION COMPLETE.  0 WARNING(S),  0 ERROR(S)
