C51 COMPILER V9.57.0.0   BEEP                                                              07/14/2021 19:26:07 PAGE 1   


C51 COMPILER V9.57.0.0, COMPILATION OF MODULE BEEP
OBJECT MODULE PLACED IN .\Objects\BEEP.obj
COMPILER INVOKED BY: D:\Keil_v5\C51\BIN\C51.EXE BEEP.c OPTIMIZE(8,SPEED) BROWSE DEBUG OBJECTEXTEND PRINT(.\Listings\BEEP
                    -.lst) TABS(2) OBJECT(.\Objects\BEEP.obj)

line level    source

   1          #include<reg51.h>
   2          #include"8255.h"
   3          #include"KEYLED.h"
   4          #include"YALI.h"
   5          #include"BEEP.h"
   6          #include"temp.h"
   7          #include"motor.h"
   8          
   9          
  10          void Delay1()//·äÃùÆ÷×¨ÓÃÑÓÊ±
  11          {
  12   1        unsigned char i;
  13   1        for (i=0; i<50; i++);
  14   1      }


MODULE INFORMATION:   STATIC OVERLAYABLE
   CODE SIZE        =      7    ----
   CONSTANT SIZE    =   ----    ----
   XDATA SIZE       =   ----    ----
   PDATA SIZE       =   ----    ----
   DATA SIZE        =   ----    ----
   IDATA SIZE       =   ----    ----
   BIT SIZE         =   ----    ----
END OF MODULE INFORMATION.


C51 COMPILATION COMPLETE.  0 WARNING(S),  0 ERROR(S)
