C51 COMPILER V9.57.0.0   CSB                                                               07/20/2021 10:10:54 PAGE 1   


C51 COMPILER V9.57.0.0, COMPILATION OF MODULE CSB
OBJECT MODULE PLACED IN .\Objects\csb.obj
COMPILER INVOKED BY: D:\Keil_v5\C51\BIN\C51.EXE csb.c OPTIMIZE(8,SPEED) BROWSE DEBUG OBJECTEXTEND PRINT(.\Listings\csb.l
                    -st) TABS(2) OBJECT(.\Objects\csb.obj)

line level    source

   1          #include <reg52.h>
   2          #include "1602.h"
   3          //#include "testl.c"
   4          
   5          #define VELOCITY_30C  3495       //30摄氏度时的声速，声速V= 331.5 + 0.6*温度； 
   6          #define VELOCITY_23C  3453       //23摄氏度时的声速，声速V= 331.5 + 0.6*温度； 
   7          
   8          sbit INPUT  = P1^1;                //回声接收端口
   9          sbit OUTPUT = P1^0;                //超声触发端口
  10          sbit Beep   = P3^5 ;         // 蜂鸣器　
  11          
  12          long int distance=0;               //距离变量
  13          uchar count;
  14          
  15          
  16          extern void delay(uint x);
  17          
  18          
  19          void Delay_xMs(unsigned int x)
  20          {
  21   1          unsigned int i,j;
  22   1          for(i = 0;i < x;i++ )
  23   1          {
  24   2              for(j = 0;j < 3;j++ )
  25   2              {
  26   3                  ;
  27   3              }
  28   2          }
  29   1      }
  30          //蜂鸣器发声函数                                                 */
  31          void Alarm(uchar t)
  32          {
  33   1        uchar i;
  34   1        for(i = 0;i < t;i++)
  35   1        {
  36   2          Beep = 0;
  37   2          Delay_xMs(10);
  38   2          Beep = 1;
  39   2          Delay_xMs(10);
  40   2        }
  41   1      }   
  42          void delayt(uint x)
  43          {
  44   1          uchar j;
  45   1          while(x-- > 0)
  46   1          {
  47   2              for(j = 0;j < 125;j++)
  48   2              {
  49   3                  ;
  50   3              }
  51   2          }
  52   1      }
  53          
  54          void Init_MCU(void)//初始化单片机函数
C51 COMPILER V9.57.0.0   CSB                                                               07/20/2021 10:10:54 PAGE 2   

  55          {
  56   1        TMOD = 0x01;    //定时器2初始化,设置为16位自动重装模式
  57   1        TL0 = 0x66;
  58   1        TH0 = 0xfc;       //1ms
  59   1        ET0 = 1;        //开定时器2
  60   1        EA = 1;         //总中断使能
  61   1      }
  62          
  63          void Init_Parameter(void)//初始化参数和IO口函数
  64          {
  65   1         OUTPUT =1;
  66   1         INPUT = 1;
  67   1         count = 0;
  68   1         distance = 0;
  69   1      }
  70          
  71          void Trig_SuperSonic(void)//出发声波
  72          {
  73   1         OUTPUT = 1;
  74   1         delayt(1);
  75   1         OUTPUT = 0;
  76   1      }
  77          
  78          void Measure_Distance(void)//计算距离函数
  79          {
  80   1        uchar l;
  81   1        uint h,y;
  82   1        TR0 = 1;
  83   1        while(INPUT)
  84   1          {
  85   2              ;
  86   2          } 
  87   1        TR0 = 0;
  88   1        l = TL0;
  89   1        h = TH0;
  90   1        y = (h << 8) + l;
  91   1        y = y - 0xfc66;//us部分
  92   1        distance = y + 1000 * count;//计算总时间
  93   1        TL0 = 0x66;
  94   1        TH0 = 0xfc;
  95   1        delayt(30);
  96   1        distance = VELOCITY_30C * distance / 20000;
  97   1      }
  98                  
  99          void main(void)
 100          {
 101   1      
 102   1        TMOD = 0x01;    //定时器2初始化,设置为16位自动重装模式
 103   1        TL0 = 0x66;
 104   1        TH0 = 0xfc;       //1ms
 105   1        ET0 = 1;        //开定时器2
 106   1        EA = 1;         //总中断使能
 107   1        Init_Parameter();
 108   1        Alarm(200);
 109   1        Delay_xMs(30000);
 110   1      
 111   1        while(1)
 112   1        {
 113   2           Trig_SuperSonic();         //触发超声波发射
 114   2           while(INPUT == 0)          //等待回声
 115   2               {
 116   3                   ;
C51 COMPILER V9.57.0.0   CSB                                                               07/20/2021 10:10:54 PAGE 3   

 117   3               }
 118   2           Measure_Distance();        //计算脉宽并转换为距离
 119   2      
 120   2           if(distance<=50){
 121   3             Alarm(50);
 122   3           }
 123   2           
 124   2           Init_Parameter();          // 参数重新初始化
 125   2           delayt(100);  
 126   2               //延时，两次发射之间要至少有10ms间隔
 127   2      
 128   2         }  
 129   1      }
 130          /******************************************************************************/
 131          /* 函数名称  : timer0                                                         */
 132          /* 函数描述  : T0中断处理函数                                                 */
 133          /* 输入参数  : 无                                                             */
 134          /* 参数描述  : 无                                                             */
 135          /* 返回值    : 无                                                             */
 136          /******************************************************************************/
 137          void timer0 (void) interrupt 1
 138          {
 139   1        TF0 = 0;
 140   1        TL0 = 0x66;
 141   1        TH0 = 0xfc;
 142   1        count++;
 143   1        if(count == 18)//超声波回声脉宽最多18ms
 144   1        {
 145   2          TR0 =0;
 146   2          TL0 = 0x66;
 147   2          TH0 = 0xfc;
 148   2          count = 0;
 149   2        }
 150   1      }
 151          /******************************************************************************/


MODULE INFORMATION:   STATIC OVERLAYABLE
   CODE SIZE        =    461    ----
   CONSTANT SIZE    =   ----    ----
   XDATA SIZE       =   ----    ----
   PDATA SIZE       =   ----    ----
   DATA SIZE        =      5       1
   IDATA SIZE       =   ----    ----
   BIT SIZE         =   ----    ----
END OF MODULE INFORMATION.


C51 COMPILATION COMPLETE.  0 WARNING(S),  0 ERROR(S)
