C51 COMPILER V9.57.0.0   H23                                                               07/14/2021 10:25:57 PAGE 1   


C51 COMPILER V9.57.0.0, COMPILATION OF MODULE H23
OBJECT MODULE PLACED IN .\Objects\H23.obj
COMPILER INVOKED BY: D:\Keil_v5\C51\BIN\C51.EXE ..\伟福KEIL 安装 含程序\伟福KEIL 安装\LAB9000\EX51C\H23.C OPTIMIZE(8,SPE
                    -ED) BROWSE DEBUG OBJECTEXTEND PRINT(.\Listings\H23.lst) TABS(2) OBJECT(.\Objects\H23.obj)

line level    source

   1          
   2          #include <reg51.h>
   3          
   4          #define LEDLen 6
   5          #define LowTemp   (-99)   // A/D 0
   6          #define HighTemp  99      // A/D 255
   7          
   8          xdata unsigned char OUTBIT _at_ 0x9002;
   9          xdata unsigned char OUTSEG _at_ 0x9004;   // 段控制口
  10          xdata unsigned char IN     _at_ 0x9001;
  11          xdata unsigned char ADPort _at_ 0xa001;
  12          
  13          signed char CurTemp;
  14          unsigned char LEDBuf[LEDLen];
  15          code unsigned char LEDMAP[] = {
  16            0x3f, 0x06, 0x5b, 0x4f, 0x66, 0x6d, 0x7d, 0x07,
  17            0x7f, 0x6f, 0x77, 0x7c, 0x39, 0x5e, 0x79, 0x71
  18          };
  19          
  20          void Delay(unsigned char CNT)
  21          {
  22   1        unsigned char i;
  23   1      
  24   1        do{
  25   2          i = 100;
  26   2          do{
  27   3          }while(--i);
  28   2        }while (--CNT);
  29   1      }
  30          
  31          void DisplayLED()
  32          {
  33   1        unsigned char i;
  34   1        unsigned char Pos;
  35   1        unsigned char LED;
  36   1      
  37   1        // 初始位置为右边
  38   1        Pos = 0x20;
  39   1        for (i = 0; i < LEDLen; i++) {
  40   2          // 关闭所显示位
  41   2          OUTBIT = 0;
  42   2          // 取出显示数据
  43   2          LED = LEDBuf[i];
  44   2          OUTSEG = LED;
  45   2          // 输出位选通信号,选择一位LED点亮
  46   2          OUTBIT = Pos;
  47   2          // 延时
  48   2          Delay(2);
  49   2          // 移位,选择下一位LED准备点亮
  50   2          Pos >>= 1;
  51   2        }
  52   1        OUTBIT = 0;
  53   1      }
  54          
C51 COMPILER V9.57.0.0   H23                                                               07/14/2021 10:25:57 PAGE 2   

  55          
  56          void DisplayResult()
  57          {
  58   1        signed char T;
  59   1      
  60   1        T = CurTemp;
  61   1        if (T < 0) {
  62   2          //如果温度低于零度,显示'-'号
  63   2          LEDBuf[0] = 0x40;
  64   2          T = - T;
  65   2        } else LEDBuf[0] = 0;
  66   1        //显示温度十位数
  67   1        LEDBuf[1] = LEDMAP[T / 10];
  68   1        //显示温度个位数
  69   1        LEDBuf[2] = LEDMAP[T % 10];
  70   1      
  71   1        LEDBuf[3] = 0;
  72   1      }
  73          
  74          unsigned char ReadAD()
  75          {
  76   1        unsigned int i;
  77   1      
  78   1        // 启动A/D变换
  79   1        ADPort = 0;
  80   1        //延时100us,
  81   1        for (i=0; i<20; i++);
  82   1        //得到A/D采样值
  83   1        return (0xff - ADPort);
  84   1      }
  85          
  86          void ReadTemp()
  87          {
  88   1        unsigned char i;
  89   1        signed int Temp;
  90   1      
  91   1        Temp = 0;
  92   1        //采样16次,取平均数
  93   1        for (i=0; i<16; i++) {
  94   2          Temp += ReadAD();
  95   2        };
  96   1        //AD采样值转换为实际温度
  97   1        CurTemp = (Temp >> 4) * (HighTemp-LowTemp) / 256 + LowTemp;
  98   1      }
  99          
 100          
 101          void main()
 102          {
 103   1        unsigned char dtimer;
 104   1      
 105   1        while (1) {
 106   2          for(dtimer=15; dtimer>0; dtimer--){
 107   3            // 当前温度和设定温度送显示缓冲
 108   3            DisplayResult();
 109   3            // 显示当前温度和设定温度
 110   3            DisplayLED();
 111   3          };
 112   2          // 读入当前温度
 113   2          ReadTemp();
 114   2        }
 115   1      }

C51 COMPILER V9.57.0.0   H23                                                               07/14/2021 10:25:57 PAGE 3   


MODULE INFORMATION:   STATIC OVERLAYABLE
   CODE SIZE        =    231    ----
   CONSTANT SIZE    =     16    ----
   XDATA SIZE       =   ----    ----
   PDATA SIZE       =   ----    ----
   DATA SIZE        =      7       1
   IDATA SIZE       =   ----    ----
   BIT SIZE         =   ----    ----
END OF MODULE INFORMATION.


C51 COMPILATION COMPLETE.  0 WARNING(S),  0 ERROR(S)
