C51 COMPILER V9.57.0.0   H25                                                               07/11/2021 17:35:46 PAGE 1   


C51 COMPILER V9.57.0.0, COMPILATION OF MODULE H25
OBJECT MODULE PLACED IN .\Objects\H25.obj
COMPILER INVOKED BY: D:\Keil_v5\C51\BIN\C51.EXE ..\伟福KEIL 安装 含程序\伟福KEIL 安装\LAB9000\EX51C\H25.C OPTIMIZE(8,SPE
                    -ED) BROWSE DEBUG OBJECTEXTEND PRINT(.\Listings\H25.lst) TABS(2) OBJECT(.\Objects\H25.obj)

line level    source

   1          
   2          #include <reg51.h>
   3          #define mode 0x82;
   4          
   5          xdata unsigned char Control _at_ 0x8003;
   6          xdata unsigned char Speaker _at_ 0x8000;
   7          
   8          xdata unsigned char OUTBIT _at_ 0x9002;
   9          xdata unsigned char OUTSEG _at_ 0x9004;
  10          xdata unsigned char IN     _at_ 0x9001;
  11          
  12          code unsigned char KeyTable[] = {
  13            0x16, 0x15, 0x14, 0xff,
  14            0x13, 0x12, 0x11, 0x10,
  15            0x0d, 0x0c, 0x0b, 0x0a,
  16            0x0e, 0x03, 0x06, 0x09,
  17            0x0f, 0x02, 0x05, 0x08,
  18            0x00, 0x01, 0x04, 0x07
  19          };
  20          
  21          unsigned char TestKey()
  22          {
  23   1         OUTBIT = 0;
  24   1         return (~IN & 0x0f);
  25   1      }
  26          
  27          unsigned char GetKey()
  28          {
  29   1        unsigned char Pos;
  30   1        unsigned char i;
  31   1        unsigned char k;
  32   1      
  33   1        i = 6;
  34   1        Pos = 0x20;
  35   1        do {
  36   2          OUTBIT = ~ Pos;
  37   2          Pos >>= 1;
  38   2          k = ~IN & 0x0f;
  39   2        } while ((--i != 0) && (k == 0));
  40   1      
  41   1        if (k != 0) {
  42   2          i *= 4;
  43   2          if (k & 2)
  44   2            i += 1;
  45   2          else if (k & 4)
  46   2            i += 2;
  47   2          else if (k & 8)
  48   2            i += 3;
  49   2      
  50   2          OUTBIT = 0;
  51   2      
  52   2          return(KeyTable[i]);
  53   2        } else return(0xff);
  54   1      }
C51 COMPILER V9.57.0.0   H25                                                               07/11/2021 17:35:46 PAGE 2   

  55          
  56          /* ================================================================================ */
  57          
  58          code unsigned int ToneTable[7] = {
  59            64578, 64686, 64778, 64821, 64898, 64968, 65029
  60          };
  61          
  62          unsigned char PulseCNT;
  63          unsigned char Pulse;
  64          unsigned ToneHigh, ToneLow;
  65          
  66          void Timer() interrupt 1
  67          {
  68   1        TR0 = 0;
  69   1        TH0 = ToneHigh;
  70   1        TL0 = ToneLow;
  71   1        TR0 = 1;
  72   1        Speaker = Pulse;
  73   1        Pulse ++;
  74   1        PulseCNT--;
  75   1      }
  76          
  77          void main()
  78          {
  79   1        unsigned char Key;
  80   1      
  81   1        Control = mode;
  82   1        OUTSEG = 0;
  83   1        Pulse = 0;
  84   1        
  85   1        TMOD = 0x01;   // 方式 1 , 记时器
  86   1        IE   = 0x82;   // EA=1, IT0 = 1
  87   1        while (1) {
  88   2          while (! TestKey) ;  // 等按键
  89   2          Key = GetKey();
  90   2          if ( (Key >= 1) && (Key <= 7) ) {
  91   3            ToneHigh = ToneTable[Key-1] >> 8;
  92   3            ToneLow  = ToneTable[Key-1] & 0xff;
  93   3            TH0 = ToneHigh;
  94   3            TL0 = ToneLow;
  95   3            TR0 = 1;
  96   3      
  97   3            PulseCNT = 100;
  98   3            while (PulseCNT != 0) ;      // 发 100 个脉冲
  99   3            Speaker = 0;
 100   3            TR0 = 0;
 101   3          }
 102   2        }
 103   1      }


MODULE INFORMATION:   STATIC OVERLAYABLE
   CODE SIZE        =    214    ----
   CONSTANT SIZE    =     38    ----
   XDATA SIZE       =   ----    ----
   PDATA SIZE       =   ----    ----
   DATA SIZE        =      6    ----
   IDATA SIZE       =   ----    ----
   BIT SIZE         =   ----    ----
END OF MODULE INFORMATION.


C51 COMPILATION COMPLETE.  0 WARNING(S),  0 ERROR(S)
