C51 COMPILER V9.57.0.0   H41                                                               07/16/2021 15:30:53 PAGE 1   


C51 COMPILER V9.57.0.0, COMPILATION OF MODULE H41
OBJECT MODULE PLACED IN .\Objects\H41.obj
COMPILER INVOKED BY: D:\Keil_v5\C51\BIN\C51.EXE ..\伟福KEIL 安装 含程序\伟福KEIL 安装\LAB9000\EX51C\H41.C OPTIMIZE(8,SPE
                    -ED) BROWSE DEBUG OBJECTEXTEND PRINT(.\Listings\H41.lst) TABS(2) OBJECT(.\Objects\H41.obj)

line level    source

   1          #include <reg51.h>
   2          #define uchar unsigned char
   3          #define uint  unsigned int
   4          
   5          //LED16x16的片选信号接主板CS3,其它数据信号,地址信号,写信号接主板的相应信号.
   6          xdata unsigned char RowLow  _at_ 0xc002;   //行低八位地址
   7          xdata unsigned char RowHigh _at_ 0xc003;   //行高八位地址
   8          xdata unsigned char ColLow  _at_ 0xc000;   //列低八位地址
   9          xdata unsigned char ColHigh _at_ 0xc001;   //列高八位地址
  10          
  11          //字模   每个16x16点阵汉字为: 8位x2x16 = 256位, 32字节
  12          code uchar Font[][32] = {
  13            //南
  14            0x08,0x40,0x14,0x41,0x04,0x41,0x04,0x41,0xF4,0x5F,0x04,0x41,0x04,0x41,0xF4,0x5F,
  15            0x44,0x44,0x24,0x48,0xFE,0x7F,0x04,0x01,0x00,0x01,0xFE,0xFF,0x04,0x01,0x00,0x01,
  16            //京
  17            0x00,0x02,0x08,0x25,0x18,0x11,0x30,0x09,0x40,0x09,0x00,0x01,0xF0,0x1F,0x10,0x10,
  18            0x10,0x10,0x10,0x10,0xF8,0x1F,0x10,0x00,0xFE,0xFF,0x04,0x01,0x00,0x01,0x00,0x02,
  19            //伟
  20            0x40,0x10,0x40,0x10,0x48,0x10,0x54,0x10,0x44,0x10,0x44,0x10,0xFE,0x1F,0x44,0x10,
  21            0x40,0x90,0xFC,0x57,0x48,0x30,0x40,0x10,0xFE,0x17,0x44,0x08,0x40,0x08,0x40,0x08,
  22            //福
  23            0x04,0x14,0xFC,0x17,0x44,0x14,0x44,0x14,0xFC,0x17,0x44,0x14,0x44,0x94,0xFE,0x57,
  24            0x04,0x38,0xF8,0x13,0x08,0x0A,0x08,0xFA,0xF8,0x03,0x00,0x10,0xFC,0x17,0x08,0x20,
  25            //实
  26            0x04,0x60,0x0C,0x18,0x10,0x04,0x20,0x02,0x40,0x01,0x00,0x01,0xFE,0xFF,0x84,0x04,
  27            0x80,0x0C,0x80,0x10,0x80,0x02,0x84,0x86,0x02,0x48,0xFE,0x7F,0x00,0x01,0x00,0x02,
  28            //业
  29            0x00,0x00,0xFE,0xFF,0x44,0x04,0x40,0x04,0x40,0x04,0x60,0x14,0x50,0x14,0x50,0x14,
  30            0x48,0x14,0x48,0x24,0x44,0x24,0x44,0x44,0x40,0x04,0x40,0x04,0x40,0x04,0x40,0x04,
  31            //有
  32            0x20,0x08,0x50,0x08,0x10,0x08,0x10,0x08,0xF0,0x0F,0x10,0x88,0x10,0x48,0xF0,0x2F,
  33            0x10,0x18,0x10,0x08,0xF8,0x0F,0x10,0x04,0x00,0x04,0xFE,0xFF,0x04,0x02,0x00,0x02,
  34            //限
  35            0x00,0x41,0x84,0x41,0x4E,0x41,0x10,0x51,0x20,0x69,0x50,0x45,0x88,0x45,0x04,0x45,
  36            0xF8,0x49,0x08,0x49,0x08,0x51,0xF8,0x49,0x08,0x49,0x08,0x45,0xFC,0x7D,0x08,0x00,
  37            //公
  38            0x00,0x00,0x10,0x00,0xF0,0x1F,0x20,0x10,0x40,0x08,0x00,0x04,0x00,0x02,0x04,0xC2,
  39            0x0E,0x21,0x10,0x11,0x20,0x08,0x40,0x08,0x40,0x04,0x80,0x04,0x80,0x00,0x00,0x00,
  40            //司
  41            0x10,0x00,0x28,0x00,0x88,0x20,0x88,0x3F,0x88,0x20,0x88,0x20,0x88,0x20,0x88,0x20,
  42            0xC8,0x3F,0x88,0x00,0x08,0x00,0xE8,0xFF,0x48,0x00,0x08,0x00,0xFC,0x3F,0x08,0x00
  43            };
  44          
  45          void delay(uchar t)
  46          {
  47   1         uchar i,j;
  48   1      
  49   1         for(i= t; i>0; i--){
  50   2           for(j=0; j<100; j++);
  51   2         }
  52   1      }
  53          
  54          void main()
C51 COMPILER V9.57.0.0   H41                                                               07/16/2021 15:30:53 PAGE 2   

  55          {
  56   1        uchar i,j;
  57   1        uchar count;
  58   1        uint bitmask;
  59   1      
  60   1        //清屏
  61   1        ColLow = 0xff;  //行驱动低有效
  62   1        ColHigh= 0xff;
  63   1        RowLow = 0x00;  //列驱动高有效
  64   1        RowHigh= 0x00;
  65   1      
  66   1        while(1){
  67   2          for(j=3; j<10; j++){
  68   3            for(count =0; count <50; count ++){
  69   4              bitmask = 0x01;
  70   4              for(i=0;i<16;i++){
  71   5      
  72   5                RowLow  = 0x00;              //首先清屏
  73   5                RowHigh = 0x00;
  74   5                ColLow  = ~ Font[j][i*2  ];  //写出一行数据
  75   5                ColHigh = ~ Font[j][i*2+1];
  76   5                RowLow  = bitmask & 0xff;    //点亮此行
  77   5                RowHigh = bitmask >> 8;
  78   5      
  79   5                bitmask <<= 1;               //移位,指向下一行
  80   5                delay(1);
  81   5              }
  82   4            }
  83   3            ColLow  = 0xff;
  84   3            ColHigh = 0xff;
  85   3          }
  86   2        }
  87   1      }


MODULE INFORMATION:   STATIC OVERLAYABLE
   CODE SIZE        =    161    ----
   CONSTANT SIZE    =    320    ----
   XDATA SIZE       =   ----    ----
   PDATA SIZE       =   ----    ----
   DATA SIZE        =   ----       3
   IDATA SIZE       =   ----    ----
   BIT SIZE         =   ----    ----
END OF MODULE INFORMATION.


C51 COMPILATION COMPLETE.  0 WARNING(S),  0 ERROR(S)
