C51 COMPILER V9.57.0.0   H6                                                                07/11/2021 20:32:30 PAGE 1   


C51 COMPILER V9.57.0.0, COMPILATION OF MODULE H6
OBJECT MODULE PLACED IN .\Objects\H6.obj
COMPILER INVOKED BY: D:\Keil_v5\C51\BIN\C51.EXE ..\伟福KEIL 安装 含程序\伟福KEIL 安装\LAB9000\EX51C\H6.C OPTIMIZE(8,SPEE
                    -D) BROWSE DEBUG OBJECTEXTEND PRINT(.\Listings\H6.lst) TABS(2) OBJECT(.\Objects\H6.obj)

line level    source

   1          
   2          #include <reg51.h>
   3          
   4          sbit Speaker = P1^0;
   5          
   6          void Delay()
   7          {
   8   1        unsigned char i;
   9   1        for (i=0; i<50; i++);
  10   1      }
  11          
  12          void main()
  13          {
  14   1        while (1) {
  15   2          Speaker = 0;
  16   2          Delay();
  17   2          Speaker = 1;
  18   2          Delay();
  19   2        }
  20   1      }


MODULE INFORMATION:   STATIC OVERLAYABLE
   CODE SIZE        =     19    ----
   CONSTANT SIZE    =   ----    ----
   XDATA SIZE       =   ----    ----
   PDATA SIZE       =   ----    ----
   DATA SIZE        =   ----    ----
   IDATA SIZE       =   ----    ----
   BIT SIZE         =   ----    ----
END OF MODULE INFORMATION.


C51 COMPILATION COMPLETE.  0 WARNING(S),  0 ERROR(S)
