C51 COMPILER V9.57.0.0   KEYLED                                                            07/14/2021 19:26:07 PAGE 1   


C51 COMPILER V9.57.0.0, COMPILATION OF MODULE KEYLED
OBJECT MODULE PLACED IN .\Objects\KEYLED.obj
COMPILER INVOKED BY: D:\Keil_v5\C51\BIN\C51.EXE KEYLED.c OPTIMIZE(8,SPEED) BROWSE DEBUG OBJECTEXTEND PRINT(.\Listings\KE
                    -YLED.lst) TABS(2) OBJECT(.\Objects\KEYLED.obj)

line level    source

   1          #include<reg51.h>
   2          #include"8255.h"
   3          #include"KEYLED.h"
   4          #include"YALI.h"
   5          #include"BEEP.h"
   6          #include"temp.h"
   7          #include"motor.h"
   8          
   9          #define LEDLen 6
  10          
  11          xdata unsigned char OUTBIT _at_ 0x9002;   // 位控制口
  12          xdata unsigned char OUTSEG _at_ 0x9004;   // 段控制口
  13          xdata unsigned char IN     _at_ 0x9001;   // 键盘读入口
  14          
  15          unsigned char LEDBuf[LEDLen];    // 显示缓冲
  16          code unsigned char LEDMAP[] = {  // 八段管显示码
  17            0x3f, 0x06, 0x5b, 0x4f, 0x66, 0x6d, 0x7d, 0x07,
  18            0x7f, 0x6f, 0x77, 0x7c, 0x39, 0x5e, 0x79, 0x71
  19          };
  20          
  21          
  22          void Delay(unsigned char CNT)
  23          {
  24   1        unsigned char i;
  25   1      
  26   1        while (CNT-- !=0)
  27   1          for (i=100; i !=0; i--);
  28   1      }
  29          
  30          void DisplayLED()
  31          {
  32   1        unsigned char i;
  33   1        unsigned char Pos;
  34   1        unsigned char LED;
  35   1      
  36   1        Pos = 0x20;       // 从左边开始显示
  37   1        for (i = 0; i < LEDLen; i++) {
  38   2          OUTBIT = 0;     // 关所有八段管
  39   2          LED = LEDBuf[i];
  40   2          OUTSEG = LED;
  41   2          OUTBIT = Pos;   // 显示一位八段管
  42   2          Delay(1);
  43   2          Pos >>= 1;      // 显示下一位
  44   2        }
  45   1      }
  46          
  47          code unsigned char KeyTable[] = {   // 键码定义
  48            0x16, 0x15, 0x14, 0xff,
  49            0x13, 0x12, 0x11, 0x10,
  50            0x0d, 0x0c, 0x0b, 0x0a,
  51            0x0e, 0x03, 0x06, 0x09,
  52            0x0f, 0x02, 0x05, 0x08,
  53            0x00, 0x01, 0x04, 0x07
  54          };
C51 COMPILER V9.57.0.0   KEYLED                                                            07/14/2021 19:26:07 PAGE 2   

  55          
  56          unsigned char TestKey()
  57          {
  58   1         OUTBIT = 0;            // 输出线置为0
  59   1         return (~IN & 0x0f);   // 读入键状态(高四位不用)
  60   1      }
  61          
  62          unsigned char GetKey()
  63          {
  64   1        unsigned char Pos;
  65   1        unsigned char i;
  66   1        unsigned char k;
  67   1      
  68   1        i = 6;
  69   1        Pos = 0x20;     // 找出键所在列
  70   1        do {
  71   2          OUTBIT = ~ Pos;
  72   2          Pos >>= 1;
  73   2          k = ~IN & 0x0f;
  74   2        } while ((--i != 0) && (k == 0));
  75   1      
  76   1        // 键值 = 列 x 4 + 行
  77   1        if (k != 0) {
  78   2          i *= 4;
  79   2          if (k & 2)
  80   2            i += 1;
  81   2          else if (k & 4)
  82   2            i += 2;
  83   2          else if (k & 8)
  84   2            i += 3;
  85   2      
  86   2          OUTBIT = 0;
  87   2          do Delay(10); while (TestKey());  // 等键释放
  88   2      
  89   2          return(KeyTable[i]);  // 取出键码
  90   2        } else return(0xff);
  91   1      }
  92          
  93          


MODULE INFORMATION:   STATIC OVERLAYABLE
   CODE SIZE        =    153    ----
   CONSTANT SIZE    =     40    ----
   XDATA SIZE       =   ----    ----
   PDATA SIZE       =   ----    ----
   DATA SIZE        =      6    ----
   IDATA SIZE       =   ----    ----
   BIT SIZE         =   ----    ----
END OF MODULE INFORMATION.


C51 COMPILATION COMPLETE.  0 WARNING(S),  0 ERROR(S)
