C51 COMPILER V9.57.0.0   YALI                                                              07/14/2021 19:26:07 PAGE 1   


C51 COMPILER V9.57.0.0, COMPILATION OF MODULE YALI
OBJECT MODULE PLACED IN .\Objects\YALI.obj
COMPILER INVOKED BY: D:\Keil_v5\C51\BIN\C51.EXE YALI.c OPTIMIZE(8,SPEED) BROWSE DEBUG OBJECTEXTEND PRINT(.\Listings\YALI
                    -.lst) TABS(2) OBJECT(.\Objects\YALI.obj)

line level    source

   1          #include<reg51.h>
   2          #include"8255.h"
   3          #include"KEYLED.h"
   4          #include"YALI.h"
   5          #include"BEEP.h"
   6          #include"temp.h"
   7          #include"motor.h"
   8          xdata unsigned char YALI _at_ 0xa000;
   9          
  10          unsigned char ReadYALI()
  11          {
  12   1        unsigned char i;
  13   1      
  14   1        YALI = 0;                // 起动 A/D
  15   1        for (i=0; i<0x20; i++) ;   // 延时 > 100us
  16   1        return(YALI);            // 读入结果
  17   1      }
  18          
  19          
  20          
  21          
  22          
  23          
  24          


MODULE INFORMATION:   STATIC OVERLAYABLE
   CODE SIZE        =     16    ----
   CONSTANT SIZE    =   ----    ----
   XDATA SIZE       =   ----    ----
   PDATA SIZE       =   ----    ----
   DATA SIZE        =   ----    ----
   IDATA SIZE       =   ----    ----
   BIT SIZE         =   ----    ----
END OF MODULE INFORMATION.


C51 COMPILATION COMPLETE.  0 WARNING(S),  0 ERROR(S)
