  main.cpp
D:\E盘文件\学习文件\大二下\c++\code\7.2\set.h(94,21): warning C4018: “<”: 有符号/无符号不匹配
D:\E盘文件\学习文件\大二下\c++\code\7.2\set.h(93): message : 在编译 类 模板 成员函数“std::ostream &operator <<(std::ostream &,const Set<int> &)”时
D:\E盘文件\学习文件\大二下\c++\code\7.2\main.cpp(57): message : 查看对正在编译的函数 模板 实例化“std::ostream &operator <<(std::ostream &,const Set<int> &)”的引用
D:\E盘文件\学习文件\大二下\c++\code\7.2\main.cpp(20): message : 查看对正在编译的 类 模板 实例化“Set<int>”的引用
D:\E盘文件\学习文件\大二下\c++\code\7.2\set.h(79,21): warning C4018: “<=”: 有符号/无符号不匹配
D:\E盘文件\学习文件\大二下\c++\code\7.2\set.h(78): message : 在编译 类 模板 成员函数“int Set<std::string>::find(T)”时
          with
          [
              T=std::string
          ]
D:\E盘文件\学习文件\大二下\c++\code\7.2\main.cpp(32): message : 查看对正在编译的函数 模板 实例化“int Set<std::string>::find(T)”的引用
          with
          [
              T=std::string
          ]
D:\E盘文件\学习文件\大二下\c++\code\7.2\set.h(116,20): warning C4018: “<=”: 有符号/无符号不匹配
D:\E盘文件\学习文件\大二下\c++\code\7.2\set.h(114): message : 在编译 类 模板 成员函数“int Set<Complex>::many(void)”时
D:\E盘文件\学习文件\大二下\c++\code\7.2\main.cpp(56): message : 查看对正在编译的函数 模板 实例化“int Set<Complex>::many(void)”的引用
D:\E盘文件\学习文件\大二下\c++\code\7.2\set.h(106,20): warning C4018: “<=”: 有符号/无符号不匹配
D:\E盘文件\学习文件\大二下\c++\code\7.2\set.h(101): message : 在编译 类 模板 成员函数“void Set<Complex>::swap(Set<Complex> &)”时
D:\E盘文件\学习文件\大二下\c++\code\7.2\main.cpp(74): message : 查看对正在编译的函数 模板 实例化“void Set<Complex>::swap(Set<Complex> &)”的引用
D:\E盘文件\学习文件\大二下\c++\code\7.2\set.h(109,20): warning C4018: “<=”: 有符号/无符号不匹配
D:\E盘文件\学习文件\大二下\c++\code\7.2\set.h(127,20): warning C4018: “<=”: 有符号/无符号不匹配
D:\E盘文件\学习文件\大二下\c++\code\7.2\set.h(125): message : 在编译 类 模板 成员函数“bool Set<std::string>::is_elem(T)”时
          with
          [
              T=std::string
          ]
D:\E盘文件\学习文件\大二下\c++\code\7.2\main.cpp(24): message : 查看对正在编译的函数 模板 实例化“bool Set<std::string>::is_elem(T)”的引用
          with
          [
              T=std::string
          ]
D:\E盘文件\学习文件\大二下\c++\code\7.2\set.h(149,11): warning C4018: “<=”: 有符号/无符号不匹配
D:\E盘文件\学习文件\大二下\c++\code\7.2\set.h(144): message : 在编译 类 模板 成员函数“void Set<std::string>::erase(T)”时
          with
          [
              T=std::string
          ]
D:\E盘文件\学习文件\大二下\c++\code\7.2\main.cpp(45): message : 查看对正在编译的函数 模板 实例化“void Set<std::string>::erase(T)”的引用
          with
          [
              T=std::string
          ]
D:\E盘文件\学习文件\大二下\c++\code\7.2\set.h(156,20): warning C4018: “<=”: 有符号/无符号不匹配
  7.2.vcxproj -> D:\E盘文件\学习文件\大二下\c++\code\Debug\7.2.exe
