C51 COMPILER V9.59.0.0   KEY_BYJING                                                        01/01/2022 10:38:05 PAGE 1   


C51 COMPILER V9.59.0.0, COMPILATION OF MODULE KEY_BYJING
OBJECT MODULE PLACED IN .\Objects\key_byJIng.obj
COMPILER INVOKED BY: E:\Keil_5_install_here\C51\BIN\C51.EXE key_byJIng.c LARGE OPTIMIZE(8,SPEED) BROWSE DEBUG OBJECTEXTE
                    -ND PRINT(.\Listings\key_byJIng.lst) TABS(2) OBJECT(.\Objects\key_byJIng.obj)

line level    source

   1          #include <reg52.h>
   2          #include "IOport.h"
   3          #include "move.h"
   4          
   5          xdata unsigned char PortC _at_ 0x7c02;   // PC硬件地址,键盘
   6          xdata unsigned char INC _at_ 0x6002 ; 
   7          xdata unsigned char IN _at_ 0x6002 ;
   8          xdata unsigned char LED _at_ 0x5cff;
   9          xdata unsigned char LED_Y0 _at_ 0xe000;
  10          
  11          unsigned char keynum;
  12          unsigned int count;
  13          
  14          code unsigned char KeyTable[] = {
  15            0x0c,0x08,0x04,0x00,
  16            0x0d,0x09,0x05,0x01,
  17            0x0e,0x0a,0x06,0x02,
  18            0x0f,0x0b,0x07,0x03
  19          };
  20          
  21          code unsigned char LEDMAP[] = {  // 八段管显示码
  22            0x3f, 0x06, 0x5b, 0x4f, 0x66, 0x6d, 0x7d, 0x07,
  23            0x7f, 0x6f, 0x77, 0x7c, 0x39, 0x5e, 0x79, 0x71
  24          };
  25          
  26          void Delay(unsigned char CNT)
  27          {
  28   1        unsigned char i;
  29   1      
  30   1        while (CNT-- !=0)
  31   1          for (i=100; i !=0; i--);
  32   1      }
  33          
  34          unsigned char TestKey()
  35          {
  36   1         PortC = 0x0f;            // 输出线置为0
  37   1         return (~INC & 0x0f);   // 读入键状态(高四位不用)
  38   1      //     PortC = 0x0f;
  39   1      //     if((PortC & 0x0f)!=0x0f) return 1;
  40   1      //     else return 0x00;
  41   1      }
  42          
  43          unsigned char KeyScan()
  44          {
  45   1        unsigned char Pos;
  46   1        unsigned char i;
  47   1        unsigned char k;
  48   1      
  49   1        i = 4;
  50   1        Pos = 0x80;     // ??????
  51   1        do {
  52   2          PortC = ~ Pos;
  53   2          Pos >>= 1;
  54   2          k = ~IN & 0x0f;
C51 COMPILER V9.59.0.0   KEY_BYJING                                                        01/01/2022 10:38:05 PAGE 2   

  55   2        } while ((--i != 0) && (k == 0));
  56   1      
  57   1        // ?? = ? x 4 + ?
  58   1        if (k != 0) {
  59   2          i *= 4;
  60   2          if (k & 2)
  61   2            i += 1;
  62   2          else if (k & 4)
  63   2            i += 2;
  64   2          else if (k & 8)
  65   2            i += 3;
  66   2      
  67   2          //OUTBIT = 0;
  68   2         // do Delay(10); 
  69   2          //while (TestKey());  // deng键松开
  70   2      
  71   2          return(KeyTable[i]);  // ????
  72   2        } else return(0xff);
  73   1      }
  74          
  75          void shoudong()
  76          {
  77   1          unsigned char x,y;  
  78   1          while(TestKey())
  79   1          {
  80   2          keynum=keyscan() & 0x0f;  
*** WARNING C206 IN LINE 80 OF key_byJIng.c: 'keyscan': missing function-prototype
  81   2                switch (keynum)  //keynum就等于按键的数值
  82   2                {
  83   3                     case 5:  {                
  84   4                        move_onestep('x','+',30);
  85   4                     break;} 
  86   3                     case 7:  {             
  87   4                       move_onestep('x','-',30);
  88   4                     break;} 
  89   3                     case 0x0a:  {               
  90   4                       move_onestep('y','+',30);
  91   4                     break;} 
  92   3                     case 2: {
  93   4                       move_onestep('y','-',30);
  94   4                     break;}
  95   3                     case 1: {
  96   4                       move_onestep('x','+',30);
  97   4                       move_onestep('y','-',30);
  98   4                     break;}
  99   3                     case 3: {
 100   4                       move_onestep('x','-',30);
 101   4                       move_onestep('y','-',30);
 102   4                     break;}
 103   3                     case 9: {
 104   4                       move_onestep('x','+',30);
 105   4                       move_onestep('y','+',30);
 106   4                     break;}
 107   3                     case 11: {
 108   4                       move_onestep('x','-',30);
 109   4                       move_onestep('y','+',30);
 110   4                     break;}
 111   3                     
 112   3      
 113   3           }
 114   2         }
 115   1      }
C51 COMPILER V9.59.0.0   KEY_BYJING                                                        01/01/2022 10:38:05 PAGE 3   

*** WARNING C280 IN LINE 77 OF key_byJIng.c: 'x': unreferenced local variable
*** WARNING C280 IN LINE 77 OF key_byJIng.c: 'y': unreferenced local variable


MODULE INFORMATION:   STATIC OVERLAYABLE
   CODE SIZE        =    299    ----
   CONSTANT SIZE    =     32    ----
   XDATA SIZE       =      3       2
   PDATA SIZE       =   ----    ----
   DATA SIZE        =   ----    ----
   IDATA SIZE       =   ----    ----
   BIT SIZE         =   ----    ----
END OF MODULE INFORMATION.


C51 COMPILATION COMPLETE.  3 WARNING(S),  0 ERROR(S)
