C51 COMPILER V9.59.0.0   MAIN                                                              01/18/2022 12:02:48 PAGE 1   


C51 COMPILER V9.59.0.0, COMPILATION OF MODULE MAIN
OBJECT MODULE PLACED IN .\Objects\main.obj
COMPILER INVOKED BY: E:\Keil_5_install_here\C51\BIN\C51.EXE main.c COMPACT ROM(COMPACT) OPTIMIZE(8,SPEED) BROWSE DEBUG O
                    -BJECTEXTEND PRINT(.\Listings\main.lst) TABS(2) OBJECT(.\Objects\main.obj)

line level    source

   1          #include <reg52.h>
   2          #include <absacc.h>
   3          #include "IOport.h"
   4          #include "time.h"
   5          #include "move.h"
   6          //#include "support.h"
   7          #include "lcd.c"
   8          
   9          xdata unsigned char CAddr _at_ 0x7c03;   // 控制字地址
  10          
  11          #define unsigned char uchar;//自定义变量类型
  12          #define unsigned int uint; 
*** WARNING C317 IN LINE 12 OF main.c: attempt to redefine macro 'unsigned'
  13          #define pai 3.1415926
  14          
  15            
  16            
  17          #define mode 0x81;
  18          
  19          //  int R;      //半径
  20          //  double x_st;  //x起始坐标
  21          //  double y_st;  //y起始坐标
  22          //  double x_end; //x终点坐标
  23          //  double y_end; //y终点坐标
  24            double coor = 0;  //坐标赋值变量
  25            unsigned char dir = '+';    //正负号标志
  26            unsigned char model;  //画圆还是画直线标志
  27            unsigned char sym = 's';  //输入终点坐标还是起点坐标标志位
  28            Cdt_struct Cdt_test={0.0,0.0,0.0,0.0};//直线坐标设置
  29            Cdt_circle circle={0,0,0,0,0,0,0,0};//圆坐标设置
  30          //  Cdt_oval oval={0,0,0,0,0,0,0,0};//tuo圆初始化
  31          
  32            int x,y;
  33            int keynum;
  34            
  35            int flag=0; //程序当前位置标志flag，0：主菜单。1，2，3，4：项目1~4
  36            int flag0=0;//存放上一次改变前的flag值
  37            int confirm_sign=0;//f键确定，确认键状态标志，confirm_sign=n 表示已经确认了n次
  38            int retreat_sign=0;//b键后退，后退键状态标志，
  39            int menuCiShu=80000;
  40            int noTuiChu=1;
  41          
  42            int indexX1=0,indexX2=0,indexX3=0,indexY1=0,indexY2=0,indexY3=0;//全局变量存放XY坐标值
  43            int indexR1=0,indexR2=0,indexR3=0, indexAng1=0, indexAng2=0,indexAng3=0;
  44          
  45            unsigned int SDspeed=9,CIRCLEspeed=20;
  46            
  47            
  48          
  49          void Moshi_1 (void)//moshi1，手动
  50          {
  51   1          Display_1(SDspeed);
  52   1          delayms(100);
  53   1          while(noTuiChu)
C51 COMPILER V9.59.0.0   MAIN                                                              01/18/2022 12:02:48 PAGE 2   

  54   1          {
  55   2            shoudong();
*** WARNING C206 IN LINE 55 OF main.c: 'shoudong': missing function-prototype
  56   2          }
  57   1          show_menu();delayms(1000);noTuiChu=1;
  58   1      }
  59          
  60          void Moshi_2 (void)//moshi2，画直线
  61          {
  62   1          Display_2(indexX1,indexX2,indexX3,indexY1,indexY2,indexY3);
  63   1          delayms(100);
  64   1          while(1)
  65   1          {
  66   2            if(TestKey())
*** WARNING C206 IN LINE 66 OF main.c: 'TestKey': missing function-prototype
  67   2            {
  68   3              keynum=keyscan() & 0x0f;
*** WARNING C206 IN LINE 68 OF main.c: 'keyscan': missing function-prototype
  69   3                if((keynum>=0&&keynum<=9)||keynum==0x0b)
  70   3                {
  71   4                  switch (confirm_sign)
  72   4                  {
  73   5                    case 0:{ if(keynum!=0x0b){indexX1=keynum;confirm_sign=1;Display_2(indexX1,indexX2,indexX3,indexY1,i
             -ndexY2,indexY3);}break;}
  74   5                    case 1:{ if(keynum!=0x0b){indexX2=keynum;confirm_sign=2;Display_2(indexX1,indexX2,indexX3,indexY1,i
             -ndexY2,indexY3);}break;}
  75   5                    case 2:{ if(keynum!=0x0b){indexX3=keynum;confirm_sign=3;Display_2(indexX1,indexX2,indexX3,indexY1,i
             -ndexY2,indexY3);}break;}
  76   5                    case 3:{ if(keynum!=0x0b){indexY1=keynum;confirm_sign=4;Display_2(indexX1,indexX2,indexX3,indexY1,i
             -ndexY2,indexY3);}break;}
  77   5                    case 4:{ if(keynum!=0x0b){indexY2=keynum;confirm_sign=5;Display_2(indexX1,indexX2,indexX3,indexY1,i
             -ndexY2,indexY3);}break;}
  78   5                    case 5:
  79   5                          { if(keynum!=0x0b)
  80   6                            {
  81   7                              indexY3=keynum;Display_2(indexX1,indexX2,indexX3,indexY1,indexY2,indexY3);
  82   7                              confirm_sign=6;                 
  83   7                              Cdt_test.x_end= indexX1*1+indexX2*0.1+indexX3*0.01;
  84   7                              Cdt_test.y_end= indexY1*1+indexY2*0.1+indexY3*0.01;
  85   7                              draw_line(Cdt_test, SDspeed);
  86   7                            }
  87   6                            break;
  88   6                          }
  89   5                    case 6: { if(keynum==0x0b){retreat_sign=1;confirm_sign=7;}break;}   
  90   5                  }           
  91   4                }
  92   3            }
  93   2            if(retreat_sign==1) {retreat_sign=0;show_menu();delayms(500);break;}
  94   2          }
  95   1          indexX1=0,indexX2=0,indexX3=0,indexY1=0,indexY2=0,indexY3=0;
  96   1          confirm_sign=0;
  97   1      }
  98          
  99          void Moshi_4 (void)//moshi4，画圆
 100          {
 101   1          Display_4(indexR1,indexR2,indexR3,indexAng1,indexAng2,indexAng3);
 102   1          delayms(100);
 103   1          while(1)
 104   1          {
 105   2            if(TestKey())
 106   2            {
 107   3              keynum=keyscan() & 0x0f;  
C51 COMPILER V9.59.0.0   MAIN                                                              01/18/2022 12:02:48 PAGE 3   

 108   3              if(keynum>=0 && keynum<=9)//按下的是0~9时，更新indexY的值
 109   3              {
 110   4                switch (confirm_sign)
 111   4                {
 112   5                  case 0:{ indexR1=keynum;confirm_sign=1;Display_4(indexR1,indexR2,indexR3,indexAng1,indexAng2,indexAn
             -g3);break;}
 113   5                  case 1:{ indexR2=keynum;confirm_sign=2;Display_4(indexR1,indexR2,indexR3,indexAng1,indexAng2,indexAn
             -g3);break;}
 114   5                  case 2:{ indexR3=keynum;confirm_sign=3;Display_4(indexR1,indexR2,indexR3,indexAng1,indexAng2,indexAn
             -g3);break;}
 115   5                  case 3:{ indexAng1=keynum;confirm_sign=4;Display_4(indexR1,indexR2,indexR3,indexAng1,indexAng2,index
             -Ang3);break;}
 116   5                  case 4:{ indexAng2=keynum;confirm_sign=5;Display_4(indexR1,indexR2,indexR3,indexAng1,indexAng2,index
             -Ang3);break;}
 117   5                  case 5:{ indexAng3=keynum;confirm_sign=6;Display_4(indexR1,indexR2,indexR3,indexAng1,indexAng2,index
             -Ang3);break;}
 118   5                }
 119   4              }
 120   3              if (keyscan()==0x0b) {show_menu();delayms(500);break;}//退出模式2       
 121   3            }
 122   2            if(confirm_sign==6) 
 123   2            {
 124   3              confirm_sign=0;
 125   3              circle.angle=indexAng1*100+indexAng2*10+indexAng3*1;
 126   3              circle.radius=indexR1*1+indexR2*0.1+indexR3*0.01;
 127   3              circle.x_s=circle.radius;
 128   3              circle.y_s=0;
 129   3              circle.x_end=circle.radius;
 130   3              circle.y_end=0;
 131   3              circle.x_center=0;
 132   3              circle.y_center=0;
 133   3              draw_circle_AW(circle, CIRCLEspeed);
 134   3              break;
 135   3            }
 136   2          }
 137   1        indexR1=0,indexR2=0,indexR3=0,indexAng1=0,indexAng2=0,indexAng3=0;//参数清零
 138   1        confirm_sign=0;
 139   1        retreat_sign=0;
 140   1      }
 141          
 142          //void Moshi_4(void)
 143          //{
 144          //    Display_4(indexR1,indexR2,indexR3,indexAng1,indexAng2,indexAng3);
 145          //    delayms(100);
 146          //    while(1)
 147          //    {
 148          //      if(TestKey())
 149          //      {
 150          //        keynum=keyscan() & 0x0f;
 151          //          if((keynum>=0&&keynum<=9)||keynum==0x0b)
 152          //          {
 153          //            switch (confirm_sign)
 154          //            {
 155          //              case 0:{ if(keynum!=0x0b){indexR1=keynum;confirm_sign=1;Display_4(indexR1,indexR2,indexR3,indexAn
             -g1,indexAng2,indexAng3);}break;}
 156          //              case 1:{ if(keynum!=0x0b){indexR2=keynum;confirm_sign=2;Display_4(indexR1,indexR2,indexR3,indexAn
             -g1,indexAng2,indexAng3);}break;}
 157          //              case 2:{ if(keynum!=0x0b){indexR3=keynum;confirm_sign=3;Display_4(indexR1,indexR2,indexR3,indexAn
             -g1,indexAng2,indexAng3);}break;}
 158          //              case 3:{ if(keynum!=0x0b){indexAng1=keynum;confirm_sign=4;Display_4(indexR1,indexR2,indexR3,index
             -Ang1,indexAng2,indexAng3);}break;}
 159          //              case 4:{ if(keynum!=0x0b){indexAng2=keynum;confirm_sign=5;Display_4(indexR1,indexR2,indexR3,index
C51 COMPILER V9.59.0.0   MAIN                                                              01/18/2022 12:02:48 PAGE 4   

             -Ang1,indexAng2,indexAng3);}break;}
 160          //              case 5:
 161          //                    { if(keynum!=0x0b)
 162          //                      {
 163          //                        indexAng3=keynum;Display_4(indexR1,indexR2,indexR3,indexAng1,indexAng2,indexAng3);
 164          //                        confirm_sign=6;                   
 165          //                        circle.angle=indexAng1*1+indexAng2*0.1+indexAng3*0.01;
 166          //                        circle.radius=indexR1*1+indexR2*0.1+indexR3*0.01;
 167          //                        circle.x_s=circle.radius;
 168          //                        circle.y_s=0;
 169          //                        circle.x_end=circle.radius;
 170          //                        circle.y_end=0;
 171          //                        circle.x_center=0;
 172          //                        circle.y_center=0;
 173          //                        draw_circle_AW(circle, CIRCLEspeed);  
 174          //                      }
 175          //                      break;
 176          //                    }
 177          //              case 6: { if(keynum==0x0b){retreat_sign=1;confirm_sign=7;}break;}   
 178          //            }           
 179          //          }
 180          //      }
 181          //      if(retreat_sign==1) {retreat_sign=0;show_menu();delayms(500);break;}
 182          //    }
 183          //    indexR1=0,indexR2=0,indexR3=0,indexAng1=0,indexAng2=0,indexAng3=0;
 184          //    confirm_sign=0; 
 185          //  
 186          //}
 187          
 188          void main()
 189          {
 190   1        CAddr= mode;
 191   1      //  Cdt_test.x_s=0;
 192   1      //  Cdt_test.y_s=0;
 193   1      
 194   1      
 195   1      //  circle.x_center=0;
 196   1      //  circle.y_center=0;
 197   1      //  circle.radius=Radius;
 198   1      //  circle.x_s=circle.radius;
 199   1      //  circle.y_s=0;
 200   1      //  circle.x_end=circle.radius;
 201   1      //  circle.y_end=0;
 202   1      
 203   1        show_menu();  
 204   1        delayms(1000);
 205   1      
 206   1      
 207   1      //  oval.a=4;
 208   1      //  oval.b=3;
 209   1      //  oval.x_s=oval.a;
 210   1      //  oval.y_s=0;
 211   1      //  oval.x_end=oval.a;
 212   1      //  oval.y_end=0;
 213   1      //  oval.x_center=0;
 214   1      //  oval.y_center=0;
 215   1      //  
 216   1      //  darw_oval(oval,20);
 217   1        
 218   1        while(1)
 219   1        {
 220   2          menuCiShu--;
C51 COMPILER V9.59.0.0   MAIN                                                              01/18/2022 12:02:48 PAGE 5   

 221   2          if(menuCiShu<0)
 222   2          {
 223   3            menuCiShu=80000;
 224   3            show_menu();
 225   3            delayms(10);
 226   3          }
 227   2          if(TestKey()==0)//没键按下
 228   2          {
 229   3            keynum=100;
 230   3          }
 231   2          else//有键按下
 232   2          {
 233   3            keynum=keyscan() & 0x0f;  
 234   3            switch (keynum)  //keynum就等于按键的数值
 235   3               {    
 236   4                     case 0x0f:  {Moshi_1();break;}  //
 237   4                     case 0x0e:  {Moshi_2();break;} //  
 238   4                     //case 0x0d:  {darw_oval(oval,8);break;}   //
 239   4                     //case 0x0d:  {draw_sin(2,1,0,10);break;}   //
 240   4                     case 0x0c:  {Moshi_4();break;}   //        
 241   4               }        
 242   3          }
 243   2        }
 244   1        
 245   1        
 246   1        
 247   1      }


MODULE INFORMATION:   STATIC OVERLAYABLE
   CODE SIZE        =   2868    ----
   CONSTANT SIZE    =    864    ----
   XDATA SIZE       =   ----    ----
   PDATA SIZE       =    105      26
   DATA SIZE        =   ----    ----
   IDATA SIZE       =   ----    ----
   BIT SIZE         =   ----    ----
END OF MODULE INFORMATION.


C51 COMPILATION COMPLETE.  4 WARNING(S),  0 ERROR(S)
